WARNING: /mnt/d/a_homework_of_c++/2-1_semester/RISCV-CPU-2022/riscv/src/common/block_ram/block_ram.v:93: $readmemh: Standard inconsistency, following 1364-2005.
VCD info: dumpfile test.vcd opened for output.
00020137
290010ef
fb010113
04812423
00001437
03812423
4e840c13
04112623
04912223
05212023
03312e23
03412c23
03512a23
03612823
03712623
03912223
03a12023
01b12e23
4e840413
028c0713
0d8c0613
37800693
fd870793
00d7a023
00478793
fee79ce3
00d7a023
00478793
fee79ce3
00d7a023
00478793
fee79ce3
00d7a023
00478793
fee79ce3
00d7a023
00478793
fee79ce3
00d7a023
00478793
fee79ce3
00d7a023
00478793
fee79ce3
00d7a023
00478793
fee79ce3
00d7a023
00478793
fee79ce3
00d7a023
00478793
fee79ce3
02c78713
fec716e3
fd870793
00d7a023
00478793
fee79ce3
00d7a023
00478793
fee79ce3
00d7a023
00478793
fee79ce3
00d7a023
00478793
fee79ce3
00d7a023
00478793
fee79ce3
00d7a023
00478793
fee79ce3
00d7a023
00478793
fee79ce3
00d7a023
00478793
fee79ce3
00d7a023
00478793
fee79ce3
00d7a023
00478793
fee79ce3
02c78713
fec716e3
fd870793
00d7a023
00478793
fee79ce3
00d7a023
00478793
fee79ce3
00d7a023
00478793
fee79ce3
00d7a023
00478793
fee79ce3
00d7a023
00478793
fee79ce3
00d7a023
00478793
fee79ce3
00d7a023
00478793
fee79ce3
00d7a023
00478793
fee79ce3
00d7a023
00478793
fee79ce3
00d7a023
00478793
fee79ce3
02c78713
fec716e3
fd870793
00d7a023
00478793
fee79ce3
00d7a023
00478793
fee79ce3
00d7a023
00478793
fee79ce3
00d7a023
00478793
fee79ce3
00d7a023
00478793
fee79ce3
00d7a023
00478793
fee79ce3
00d7a023
00478793
fee79ce3
00d7a023
00478793
fee79ce3
00d7a023
00478793
fee79ce3
00d7a023
00478793
fee79ce3
02c78713
fec716e3
0a8c2503
fff00793
00a00493
0afc2823
0afc2c23
0cfc2023
0cfc2423
0cfc2823
00001b37
00500793
00001bb7
5cfba223
5c9b2023
cd1ff0ef
fc010113
02912a23
01712e23
02112e23
02812c23
03212823
03312623
03412423
03512223
03612023
00050493
00000b93
00055663
00000993
00410a13
00900b13
00a00593
00048513
214000ef
00008293
0005ca63
00054c63
f79ff0ef
00058613
00050593
fff00513
02060c63
00100693
00b67a63
00c05863
00161613
00169693
feb66ae3
00c05863
00161613
00169693
feb66ae3
00c05863
00161613
00169693
feb66ae3
00c05863
00161613
00169693
feb66ae3
00c05863
00161613
00169693
feb66ae3
00c05863
00161613
00169693
feb66ae3
00c05863
00161613
00169693
feb66ae3
00000513
00c5e663
0016d693
00165613
fe0696e3
00c5e663
40c585b3
00d56533
0016d693
00165613
fe0696e3
00c5e663
0016d693
00165613
fe0696e3
00c5e663
40c585b3
00d56533
0016d693
00165613
fe0696e3
00c5e663
40c585b3
00d56533
0016d693
00165613
fe0696e3
00c5e663
0016d693
00165613
fe0696e3
00c5e663
0016d693
00165613
fe0696e3
00c5e663
0016d693
00165613
fe0696e3
00008067
00058513
00028067
03050413
00098913
00198993
013a07b3
0ff47413
00048513
00a00593
fe878fa3
00048a93
168000ef
06054063
0605c663
00058613
00050593
fff00513
02060c63
00100693
00b67a63
00c05863
00161613
00169693
feb66ae3
00c05863
00161613
00169693
feb66ae3
00c05863
00161613
00169693
feb66ae3
00c05863
00161613
00169693
feb66ae3
00c05863
00161613
00169693
feb66ae3
00c05863
00161613
00169693
feb66ae3
00c05863
00161613
00169693
feb66ae3
00000513
00c5e663
0016d693
00165613
fe0696e3
00c5e663
40c585b3
00d56533
0016d693
00165613
fe0696e3
00c5e663
0016d693
00165613
fe0696e3
00c5e663
40c585b3
00d56533
0016d693
00165613
fe0696e3
00c5e663
40c585b3
00d56533
0016d693
00165613
fe0696e3
00c5e663
0016d693
00165613
fe0696e3
00c5e663
0016d693
00165613
fe0696e3
00c5e663
0016d693
00165613
fe0696e3
00008067
00050493
fd5b44e3
00a00593
00048513
214000ef
00008293
0005ca63
00054c63
f79ff0ef
00058613
00050593
fff00513
02060c63
00100693
00b67a63
00c05863
00161613
00169693
feb66ae3
00c05863
00161613
00169693
feb66ae3
00c05863
00161613
00169693
feb66ae3
00c05863
00161613
00169693
feb66ae3
00000513
00c5e663
0016d693
00165613
fe0696e3
00c5e663
40c585b3
00d56533
0016d693
00165613
fe0696e3
00c5e663
0016d693
00165613
fe0696e3
00c5e663
0016d693
00165613
fe0696e3
00c5e663
0016d693
00165613
fe0696e3
00008067
00058513
00028067
03050413
00098913
00198993
013a07b3
0ff47413
00048513
00a00593
fe878fa3
00048a93
168000ef
06054063
0605c663
00058613
00050593
fff00513
02060c63
00100693
00b67a63
00c05863
00161613
00169693
feb66ae3
00c05863
00161613
00169693
feb66ae3
00c05863
00161613
00169693
feb66ae3
00c05863
00161613
00169693
feb66ae3
00000513
00c5e663
0016d693
00165613
fe0696e3
00c5e663
40c585b3
00d56533
0016d693
00165613
fe0696e3
00c5e663
0016d693
00165613
fe0696e3
00c5e663
0016d693
00165613
fe0696e3
00c5e663
0016d693
00165613
fe0696e3
00008067
00050493
fd5b44e3
00a00593
00048513
214000ef
00008293
0005ca63
00054c63
f79ff0ef
00058613
00050593
fff00513
02060c63
00100693
00b67a63
00000513
00c5e663
0016d693
00165613
fe0696e3
00008067
00058513
00028067
03050413
00098913
00198993
013a07b3
0ff47413
00048513
00a00593
fe878fa3
00048a93
168000ef
06054063
0605c663
00058613
00050593
fff00513
02060c63
00100693
00b67a63
00000513
00c5e663
0016d693
00165613
fe0696e3
00008067
00050493
fd5b44e3
000b8e63
012a07b3
000306b7
00c0006f
00868023
8fff78713
fefa18e3
fff7c403
00070793
00868023
8fff78713
fefa18e3
fff7c403
00070793
00868023
8fff78713
fefa18e3
03c12083
03812403
03412483
03012903
02c12983
02812a03
02412a83
02012b03
01c12b83
04010113
00008067
000307b7
00978023

00a00693
03200613
ff668793
00040713
00f72023
00178793
00470713
fed79ae3
00f72023
00178793
00470713
fed79ae3
00f72023
00178793
00470713
fed79ae3
00f72023
00178793
00470713
** VVP Stop(0) **
** Flushing output streams.
** Current simulation time is 44343000 ticks.
> ^Z