WARNING: /mnt/d/a_homework_of_c++/2-1_semester/RISCV-CPU-2022/riscv/src/common/block_ram/block_ram.v:93: $readmemh: Standard inconsistency, following 1364-2005.
VCD info: dumpfile test.vcd opened for output.
00000020 00000020
00000000
broadcast: 00000000
00000020 00000020
00000001
broadcast: 00000001
00000020 00000020
00000002
broadcast: 00000002
00000020 00000020
00000004
broadcast: 00000004
00000020 00000020
00000005
broadcast: 00000005
00000020 00000020
00000006
broadcast: 00000006
$$$
00000020 00000020
00000014
broadcast: 00000014
00000020 00000020
00000015
broadcast: 00000015
00000020 00000020
0000001a
broadcast: 0000001a
00000020 00000020
0000001c
broadcast: 0000001c
00000020 00000020
0000001f
broadcast: 0000001f
start : 00000020 00000020
00000000
!!! $08x 0
???
broadcast: 00000000
00000020 00000020
00000001
broadcast: 00000001
00000020 00000020
00000002
broadcast: 00000002
00000020 00000020
00000003
broadcast: 00000003
00000020 00000020
00000004
broadcast: 00000004
00000020 00000020
00000005
broadcast: 00000005
00000020 00000020
00000006
broadcast: 00000006
00000020 00000020
00000007
broadcast: 00000007
00000020 00000020
00000008
broadcast: 00000008
,,,
00000020 00000020
00000009
broadcast: 00000009
$$$
00000020 00000020
0000000a
broadcast: 0000000a
00000020 00000020
0000000b
broadcast: 0000000b
00000020 00000020
0000000c
broadcast: 0000000c
00000020 00000020
0000000d
broadcast: 0000000d
00000020 00000020
0000000e
broadcast: 0000000e
00000020 00000020
0000000f
broadcast: 0000000f
00000020 00000020
00000010
broadcast: 00000010
00000020 00000020
00000011
broadcast: 00000011
00000020 00000020
00000012
broadcast: 00000012
00000020 00000020
00000013
broadcast: 00000013
00000020 00000020
00000000
broadcast: 00000000
00000020 00000020
00000001
broadcast: 00000001
00000020 00000020
00000000
broadcast: 00000000
00000020 00000020
00000001
broadcast: 00000001
00000020 00000020
00000002
broadcast: 00000002
00000020 00000020
00000003
broadcast: 00000003
00000020 00000020
00000004
broadcast: 00000004
00000020 00000020
00000005
broadcast: 00000005
00000020 00000020
00000006
broadcast: 00000006
00000020 00000020
00000007
broadcast: 00000007
00000020 00000020
00000008
broadcast: 00000008
,,,
00000020 00000020
00000009
broadcast: 00000009
$$$
00000020 00000020
0000000a
broadcast: 0000000a
00000020 00000020
0000000b
broadcast: 0000000b
00000020 00000020
0000000c
broadcast: 0000000c
00000020 00000020
0000000e
broadcast: 0000000e
00000020 00000020
0000000f
broadcast: 0000000f
00000020 00000020
00000010
broadcast: 00000010
00000020 00000020
00000011
broadcast: 00000011
00000020 00000020
00000012
broadcast: 00000012
00000020 00000020
00000013
broadcast: 00000013
00000020 00000020
00000014
broadcast: 00000014
00000020 00000020
00000015
broadcast: 00000015
00000020 00000020
00000016
broadcast: 00000016
00000020 00000020
00000017
broadcast: 00000017
00000020 00000020
00000018
broadcast: 00000018
00000020 00000020
00000019
broadcast: 00000019
00000020 00000020
0000001a
broadcast: 0000001a
00000020 00000020
0000001b
broadcast: 0000001b
00000020 00000020
0000001c
broadcast: 0000001c
00000020 00000020
0000001d
broadcast: 0000001d
00000020 00000020
0000001e
broadcast: 0000001e
00000020 00000020
0000001f
broadcast: 0000001f
00000020 00000020
00000000
broadcast: 00000000
00000020 00000020
00000000
broadcast: 00000000
00000020 00000020
00000001
broadcast: 00000001
00000020 00000020
00000003
0broadcast: 00000003
00000020 00000020
00000004
broadcast: 00000004
00000020 00000020
00000000
broadcast: 00000000
!!! $08x 2
start : 00000020 00000020
00000002
???
broadcast: 00000002
00000020 00000020
00000003
broadcast: 00000003
00000020 00000020
00000000
broadcast: 00000000
00000020 00000020
00000001
broadcast: 00000001
00000020 00000020
00000002
broadcast: 00000002
00000020 00000020
00000003
broadcast: 00000003
00000020 00000020
00000004
broadcast: 00000004
00000020 00000020
00000005
broadcast: 00000005
00000020 00000020
00000006
broadcast: 00000006
00000020 00000020
00000007
broadcast: 00000007
00000020 00000020
00000008
broadcast: 00000008
,,,
00000020 00000020
00000009
broadcast: 00000009
00000020 00000020
0000000a
$$$
broadcast: 0000000a
00000020 00000020
0000000b
broadcast: 0000000b
00000020 00000020
0000000c
broadcast: 0000000c
00000020 00000020
0000000d
broadcast: 0000000d
00000020 00000020
0000000e
broadcast: 0000000e
00000020 00000020
0000000f
broadcast: 0000000f
00000020 00000020
00000010
broadcast: 00000010
00000020 00000020
00000011
broadcast: 00000011
00000020 00000020
00000012
broadcast: 00000012
00000020 00000020
00000013
broadcast: 00000013
00000020 00000020
00000014
broadcast: 00000014
00000020 00000020
00000015
broadcast: 00000015
00000020 00000020
00000016
broadcast: 00000016
00000020 00000020
00000017
broadcast: 00000017
00000020 00000020
00000018
broadcast: 00000018
00000020 00000020
00000019
broadcast: 00000019
00000020 00000020
0000001a
broadcast: 0000001a
00000020 0000001a
0000001b
broadcast: 0000001b
00000020 00000020
0000001c
broadcast: 0000001c
00000020 00000020
0000001d
broadcast: 0000001d
00000020 00000020
0000001e
broadcast: 0000001e
00000020 00000020
00000000
broadcast: 00000000
00000020 00000020
00000001
broadcast: 00000001
00000020 00000020
00000002
broadcast: 00000002
00000020 00000020
00000003
broadcast: 00000003
00000020 00000020
00000000
broadcast: 00000000
00000020 00000020
00000001
broadcast: 00000001
00000020 00000020
00000002
broadcast: 00000002
00000020 00000020
00000003
broadcast: 00000003
00000020 00000020
00000004
broadcast: 00000004
00000020 00000020
00000005
broadcast: 00000005
00000020 00000020
00000006
broadcast: 00000006
00000020 00000020
00000007
broadcast: 00000007
00000020 00000020
00000008
broadcast: 00000008
00000020 00000020
00000009
,,,
broadcast: 00000009
00000020 00000020
0000000a
$$$
broadcast: 0000000a
00000020 00000020
0000000b
broadcast: 0000000b
00000020 00000020
0000000c
broadcast: 0000000c
00000020 00000020
0000000d
broadcast: 0000000d
00000020 00000020
0000000e
broadcast: 0000000e
00000020 00000020
00000000
broadcast: 00000000
00000020 00000020
00000001
broadcast: 00000001
00000020 00000020
00000003
0broadcast: 00000003
00000020 00000020
00000004
broadcast: 00000004
00000020 00000020
00000000
broadcast: 00000000
!!! $08x 2
start : 00000020 00000020
00000002
???
broadcast: 00000002
00000020 00000020
00000003
broadcast: 00000003
00000020 00000020
00000004
broadcast: 00000004
00000020 00000020
00000005
broadcast: 00000005
00000020 00000020
00000006
broadcast: 00000006
00000020 00000020
00000007
broadcast: 00000007
00000020 00000020
00000008
broadcast: 00000008
,,,
00000020 00000020
00000009
broadcast: 00000009
$$$
00000020 00000020
0000000a
broadcast: 0000000a
00000020 00000020
0000000b
broadcast: 0000000b
00000020 00000020
0000000c
broadcast: 0000000c
00000020 00000020
0000000d
broadcast: 0000000d
00000020 00000020
0000000e
broadcast: 0000000e
00000020 00000020
0000000f
broadcast: 0000000f
00000020 00000020
00000010
broadcast: 00000010
00000020 00000020
00000011
broadcast: 00000011
00000020 00000020
00000012
broadcast: 00000012
00000020 00000020
00000013
broadcast: 00000013
00000020 00000020
00000014
broadcast: 00000014
00000020 00000020
00000015
broadcast: 00000015
00000020 00000020
00000016
broadcast: 00000016
00000020 00000020
00000017
broadcast: 00000017
00000020 00000020
00000018
broadcast: 00000018
00000020 00000020
00000019
broadcast: 00000019
00000020 00000020
0000001a
broadcast: 0000001a
00000020 00000020
0000001b
broadcast: 0000001b
00000020 00000020
0000001c
broadcast: 0000001c
00000020 00000020
0000001d
broadcast: 0000001d
00000020 00000020
0000001e
broadcast: 0000001e
00000020 0000001e
0000001f
broadcast: 0000001f
00000020 00000020
00000000
broadcast: 00000000
00000020 00000020
00000001
broadcast: 00000001
00000020 00000020
00000002
broadcast: 00000002
00000020 00000020
00000004
broadcast: 00000004
00000020 00000020
00000005
broadcast: 00000005
00000020 00000020
00000006
broadcast: 00000006
00000020 00000020
00000007
broadcast: 00000007
00000020 00000020
00000000
broadcast: 00000000
00000020 00000020
00000001
broadcast: 00000001
00000020 00000020
00000002
broadcast: 00000002
00000020 00000020
00000003
broadcast: 00000003
00000020 00000020
00000004
broadcast: 00000004
00000020 00000020
00000005
broadcast: 00000005
00000020 00000020
00000006
broadcast: 00000006
00000020 00000020
00000007
broadcast: 00000007
00000020 00000020
00000008
broadcast: 00000008
00000020 00000020
00000009
,,,
broadcast: 00000009
00000020 00000020
0000000a
$$$
broadcast: 0000000a
00000020 00000020
0000000b
broadcast: 0000000b
00000020 00000020
0000000c
broadcast: 0000000c
00000020 00000020
0000000d
broadcast: 0000000d
00000020 00000020
0000000e
broadcast: 0000000e
00000020 00000020
0000000f
broadcast: 0000000f
00000020 00000020
00000010
broadcast: 00000010
00000020 00000020
00000012
0broadcast: 00000012
00000020 00000020
00000013
broadcast: 00000013
00000020 00000020
00000000
broadcast: 00000000
!!! $08x 2
start : 00000020 00000020
00000002
???
broadcast: 00000002
00000020 00000020
00000003
broadcast: 00000003
00000020 00000020
00000004
broadcast: 00000004
00000020 00000020
00000005
broadcast: 00000005
00000020 00000020
00000006
broadcast: 00000006
00000020 00000020
00000007
broadcast: 00000007
00000020 00000020
00000008
broadcast: 00000008
,,,
00000020 00000020
00000009
broadcast: 00000009
$$$
00000020 00000020
0000000a
broadcast: 0000000a
00000020 00000020
0000000b
broadcast: 0000000b
00000020 00000020
0000000c
broadcast: 0000000c
00000020 00000020
0000000d
broadcast: 0000000d
00000020 00000020
0000000e
broadcast: 0000000e
00000020 00000020
0000000f
broadcast: 0000000f
00000020 00000020
00000010
broadcast: 00000010
00000020 00000020
00000011
broadcast: 00000011
00000020 00000020
00000012
broadcast: 00000012
00000020 00000020
00000013
broadcast: 00000013
00000020 00000020
00000014
broadcast: 00000014
00000020 00000020
00000015
broadcast: 00000015
00000020 00000020
00000016
broadcast: 00000016
00000020 00000020
00000017
broadcast: 00000017
00000020 00000020
00000018
broadcast: 00000018
00000020 00000020
00000019
broadcast: 00000019
00000020 00000020
0000001a
broadcast: 0000001a
00000020 00000020
0000001b
broadcast: 0000001b
00000020 00000020
0000001c
broadcast: 0000001c
00000020 00000020
0000001d
broadcast: 0000001d
00000020 00000020
0000001e
broadcast: 0000001e
00000020 0000001e
0000001f
broadcast: 0000001f
00000020 00000020
00000000
broadcast: 00000000
00000020 00000020
00000001
broadcast: 00000001
00000020 00000020
00000002
broadcast: 00000002
00000020 00000020
00000004
broadcast: 00000004
00000020 00000020
00000005
broadcast: 00000005
00000020 00000020
00000006
broadcast: 00000006
00000020 00000020
00000007
broadcast: 00000007
00000020 00000020
00000000
broadcast: 00000000
00000020 00000020
00000001
broadcast: 00000001
00000020 00000020
00000002
broadcast: 00000002
00000020 00000020
00000003
broadcast: 00000003
00000020 00000020
00000004
broadcast: 00000004
00000020 00000020
00000005
broadcast: 00000005
00000020 00000020
00000006
broadcast: 00000006
00000020 00000020
00000007
broadcast: 00000007
00000020 00000020
00000008
broadcast: 00000008
00000020 00000020
00000009
,,,
broadcast: 00000009
00000020 00000020
0000000a
$$$
broadcast: 0000000a
00000020 00000020
0000000b
broadcast: 0000000b
00000020 00000020
0000000c
broadcast: 0000000c
00000020 00000020
0000000d
broadcast: 0000000d
00000020 00000020
0000000e
broadcast: 0000000e
00000020 00000020
0000000f
broadcast: 0000000f
00000020 00000020
00000010
broadcast: 00000010
00000020 00000020
00000012
0broadcast: 00000012
00000020 00000020
00000013
broadcast: 00000013
00000020 00000020
00000000
broadcast: 00000000
00000020 00000020
00000000
broadcast: 00000000
00000020 00000020
00000002

broadcast: 00000002
00000020 00000020
00000003
broadcast: 00000003
00000020 00000020
00000004
broadcast: 00000004
00000020 00000020
00000005
broadcast: 00000005
00000020 00000020
00000006
broadcast: 00000006
!!! $08x 8
start : 00000020 00000020
00000008
???
broadcast: 00000008
,,,
00000020 00000020
00000009
broadcast: 00000009
$$$
00000020 00000020
0000000a
broadcast: 0000000a
00000020 00000020
0000000b
broadcast: 0000000b
00000020 00000020
0000000c
broadcast: 0000000c
00000020 00000020
0000000d
broadcast: 0000000d
00000020 00000020
0000000e
broadcast: 0000000e
00000020 00000020
0000000f
broadcast: 0000000f
00000020 00000020
00000010
broadcast: 00000010
00000020 00000020
00000011
broadcast: 00000011
00000020 00000020
00000012
broadcast: 00000012
00000020 00000020
00000013
broadcast: 00000013
00000020 00000020
00000014
broadcast: 00000014
00000020 00000020
00000015
broadcast: 00000015
00000020 00000020
00000016
broadcast: 00000016
00000020 00000020
00000017
broadcast: 00000017
00000020 00000020
00000018
broadcast: 00000018
00000020 00000020
00000019
broadcast: 00000019
00000020 00000020
0000001a
broadcast: 0000001a
00000020 00000020
0000001b
broadcast: 0000001b
00000020 00000020
0000001c
broadcast: 0000001c
00000020 00000020
0000001d
broadcast: 0000001d
00000020 00000020
0000001e
broadcast: 0000001e
00000020 00000020
0000001f
broadcast: 0000001f
00000020 00000020
00000000
broadcast: 00000000
00000020 00000020
00000001
broadcast: 00000001
00000020 00000020
00000002
broadcast: 00000002
00000020 00000020
00000003
broadcast: 00000003
00000020 00000020
00000004
broadcast: 00000004
00000020 00000020
00000005
broadcast: 00000005
00000020 00000020
00000006
broadcast: 00000006
** VVP Stop(0) **
** Flushing output streams.
** Current simulation time is 10303000 ticks.
> 
> ^Z